7 MIn Workout/app/build/intermediates/manifest_merge_blame_file/debug/manifest-merger-blame-debug-report.txt
1<?xml version="1.0" encoding="utf-8"?>
2<manifest xmlns:android="http://schemas.android.com/apk/res/android"
3    package="com.sevenminuteworkout"
4    android:versionCode="1"
5    android:versionName="1.0" >
6
7    <uses-sdk
8        android:minSdkVersion="21"
8-->src/main/AndroidManifest.xml
9        android:targetSdkVersion="29" />
9-->src/main/AndroidManifest.xml
10
11    <application
11-->src/main/AndroidManifest.xml:6:5-33:19
12        android:allowBackup="false"
12-->src/main/AndroidManifest.xml:7:9-36
13        android:appComponentFactory="androidx.core.app.CoreComponentFactory"
13-->[androidx.core:core:1.2.0] AndroidManifest.xml:24:18-86
14        android:debuggable="true"
15        android:icon="@mipmap/ic_launcher"
15-->src/main/AndroidManifest.xml:8:9-43
16        android:label="@string/app_name"
16-->src/main/AndroidManifest.xml:9:9-41
17        android:roundIcon="@mipmap/ic_launcher_round"
17-->src/main/AndroidManifest.xml:10:9-54
18        android:supportsRtl="true"
18-->src/main/AndroidManifest.xml:11:9-35
19        android:testOnly="true"
20        android:theme="@style/AppTheme" >
20-->src/main/AndroidManifest.xml:12:9-40
21        <activity
21-->src/main/AndroidManifest.xml:14:9-24:20
22            android:name="com.sevenminuteworkout.MainActivity"
22-->src/main/AndroidManifest.xml:15:13-41
23            android:label="@string/app_name"
23-->src/main/AndroidManifest.xml:16:13-45
24            android:screenOrientation="portrait"
24-->src/main/AndroidManifest.xml:17:13-49
25            android:theme="@style/Theme.AppCompat.Light.NoActionBar" >
25-->src/main/AndroidManifest.xml:18:13-69
26            <intent-filter>
26-->src/main/AndroidManifest.xml:19:13-23:29
27                <action android:name="android.intent.action.MAIN" />
27-->src/main/AndroidManifest.xml:20:17-69
27-->src/main/AndroidManifest.xml:20:25-66
28
29                <category android:name="android.intent.category.LAUNCHER" />
29-->src/main/AndroidManifest.xml:22:17-77
29-->src/main/AndroidManifest.xml:22:27-74
30            </intent-filter>
31        </activity>
32
33        <!-- TODO(Step 2 - This is added by Default when you create new Activity and can be modified as per your requirement.) -->
34        <!-- START -->
35        <activity
35-->src/main/AndroidManifest.xml:28:9-31:72
36            android:name="com.sevenminuteworkout.ExerciseActivity"
36-->src/main/AndroidManifest.xml:29:13-45
37            android:screenOrientation="portrait"
37-->src/main/AndroidManifest.xml:30:13-49
38            android:theme="@style/Theme.AppCompat.Light.NoActionBar" />
38-->src/main/AndroidManifest.xml:31:13-69
39        <!-- END -->
40    </application>
41
42</manifest>